<?xml version="1.0" encoding="UTF-8"?>
<!-- Generated by org.testng.reporters.JUnitReportReporter -->
<testsuite skipped="0" hostname="DESKTOP-7Q00M93" name="ant.testng.ClassOne" tests="1" failures="0" timestamp="23 Apr 2019 07:37:37 GMT" time="33.497" errors="0">
  <testcase name="oneTest" time="33.497" classname="ant.testng.ClassOne"/>
</testsuite> <!-- ant.testng.ClassOne -->
