<?xml version="1.0" encoding="UTF-8"?>
<!-- Generated by org.testng.reporters.JUnitReportReporter -->
<testsuite skipped="0" hostname="DESKTOP-7Q00M93" name="ant.testng.ClassThree" tests="1" failures="0" timestamp="23 Apr 2019 07:37:37 GMT" time="9.714" errors="0">
  <testcase name="oneTest" time="9.714" classname="ant.testng.ClassThree"/>
</testsuite> <!-- ant.testng.ClassThree -->
