<?xml version="1.0" encoding="UTF-8"?>
<!-- Generated by org.testng.reporters.JUnitReportReporter -->
<testsuite skipped="0" hostname="DESKTOP-7Q00M93" name="ant.testng.ClassTwo" tests="1" failures="0" timestamp="23 Apr 2019 07:37:37 GMT" time="35.862" errors="0">
  <testcase name="oneTest" time="35.862" classname="ant.testng.ClassTwo"/>
</testsuite> <!-- ant.testng.ClassTwo -->
