<?xml version="1.0" encoding="UTF-8"?>
<!-- Generated by org.testng.reporters.JUnitReportReporter -->
<testsuite skipped="0" hostname="DESKTOP-7Q00M93" name="ant.testng.ClassFour" tests="1" failures="0" timestamp="23 Apr 2019 07:37:37 GMT" time="18.744" errors="0">
  <testcase name="oneTest" time="18.744" classname="ant.testng.ClassFour"/>
</testsuite> <!-- ant.testng.ClassFour -->
