<?xml version="1.0" encoding="UTF-8"?>
<!-- Generated by org.testng.reporters.JUnitReportReporter -->
<testsuite skipped="0" hostname="DESKTOP-7Q00M93" name="ant.testng.ClassFour" tests="1" failures="0" timestamp="25 May 2019 15:22:59 GMT" time="25.913" errors="0">
  <testcase name="oneTest" time="25.913" classname="ant.testng.ClassFour"/>
</testsuite> <!-- ant.testng.ClassFour -->
