<?xml version="1.0" encoding="UTF-8"?>
<!-- Generated by org.testng.reporters.JUnitReportReporter -->
<testsuite skipped="0" hostname="DESKTOP-7Q00M93" name="ant.testng.ClassThree" tests="1" failures="0" timestamp="25 May 2019 15:22:59 GMT" time="10.492" errors="0">
  <testcase name="oneTest" time="10.492" classname="ant.testng.ClassThree"/>
</testsuite> <!-- ant.testng.ClassThree -->
